10:45:58: Creating resource group General
10:45:58: Creating resource group Internal
10:45:58: Creating resource group Autodetect
10:45:58: SceneManagerFactory for type 'DefaultSceneManager' registered.
10:45:58: Registering ResourceManager for type Material
10:45:58: Registering ResourceManager for type Mesh
10:45:58: Registering ResourceManager for type Skeleton
10:45:58: MovableObjectFactory for type 'ParticleSystem' registered.
10:45:58: ArchiveFactory for archive type FileSystem registered.
10:45:58: ArchiveFactory for archive type Zip registered.
10:45:58: ArchiveFactory for archive type EmbeddedZip registered.
10:45:58: DDS codec registering
10:45:58: FreeImage version: 3.15.4
10:45:58: This program uses FreeImage, a free, open source image library supporting all common bitmap formats. See http://freeimage.sourceforge.net for details
10:45:58: Supported formats: bmp,ico,jpg,jif,jpeg,jpe,jng,koa,iff,lbm,mng,pbm,pbm,pcd,pcx,pgm,pgm,png,ppm,ppm,ras,tga,targa,tif,tiff,wap,wbmp,wbm,psd,cut,xbm,xpm,gif,hdr,g3,sgi,exr,j2k,j2c,jp2,pfm,pct,pict,pic,3fr,arw,bay,bmq,cap,cine,cr2,crw,cs1,dc2,dcr,drf,dsc,dng,erf,fff,ia,iiq,k25,kc2,kdc,mdc,mef,mos,mrw,nef,nrw,orf,pef,ptx,pxn,qtk,raf,raw,rdc,rw2,rwl,rwz,sr2,srf,srw,sti
10:45:58: Registering ResourceManager for type HighLevelGpuProgram
10:45:58: Registering ResourceManager for type Compositor
10:45:58: MovableObjectFactory for type 'Entity' registered.
10:45:58: MovableObjectFactory for type 'Light' registered.
10:45:58: MovableObjectFactory for type 'BillboardSet' registered.
10:45:58: MovableObjectFactory for type 'ManualObject' registered.
10:45:58: MovableObjectFactory for type 'BillboardChain' registered.
10:45:58: MovableObjectFactory for type 'RibbonTrail' registered.
10:45:58: Loading library /usr/local/lib/OGRE/RenderSystem_GL
10:45:58: Installing plugin: GL RenderSystem
10:45:58: OpenGL Rendering Subsystem created.
10:45:58: Plugin successfully installed
10:45:58: Loading library /usr/local/lib/OGRE/Plugin_ParticleFX
10:45:58: Installing plugin: ParticleFX
10:45:58: Particle Emitter Type 'Point' registered
10:45:58: Particle Emitter Type 'Box' registered
10:45:58: Particle Emitter Type 'Ellipsoid' registered
10:45:58: Particle Emitter Type 'Cylinder' registered
10:45:58: Particle Emitter Type 'Ring' registered
10:45:58: Particle Emitter Type 'HollowEllipsoid' registered
10:45:58: Particle Affector Type 'LinearForce' registered
10:45:58: Particle Affector Type 'ColourFader' registered
10:45:58: Particle Affector Type 'ColourFader2' registered
10:45:58: Particle Affector Type 'ColourImage' registered
10:45:58: Particle Affector Type 'ColourInterpolator' registered
10:45:58: Particle Affector Type 'Scaler' registered
10:45:58: Particle Affector Type 'Rotator' registered
10:45:58: Particle Affector Type 'DirectionRandomiser' registered
10:45:58: Particle Affector Type 'DeflectorPlane' registered
10:45:58: Plugin successfully installed
10:45:58: Loading library /usr/local/lib/OGRE/Plugin_BSPSceneManager
10:45:58: Installing plugin: BSP Scene Manager
10:45:58: Plugin successfully installed
10:45:58: Loading library /usr/local/lib/OGRE/Plugin_PCZSceneManager
10:45:58: Installing plugin: Portal Connected Zone Scene Manager
10:45:58: PCZone Factory Type 'ZoneType_Default' registered
10:45:58: Plugin successfully installed
10:45:58: Loading library /usr/local/lib/OGRE/Plugin_OctreeZone
10:45:58: Installing plugin: Octree Zone Factory
10:45:58: Plugin successfully installed
10:45:58: Loading library /usr/local/lib/OGRE/Plugin_OctreeSceneManager
10:45:58: Installing plugin: Octree Scene Manager
10:45:58: Plugin successfully installed
10:45:58: *-*-* OGRE Initialising
10:45:58: *-*-* Version 1.9.0 (Ghadamon)
10:45:58: Creating resource group Essential
10:45:58: Added resource location '../media/packs/SdkTrays.zip' of type 'Zip' to resource group 'Essential'
10:45:58: Added resource location '../media' of type 'FileSystem' to resource group 'General'
10:45:58: Added resource location '../media/materials/scripts' of type 'FileSystem' to resource group 'General'
10:45:58: Added resource location '../media/materials/textures' of type 'FileSystem' to resource group 'General'
10:45:58: Added resource location '../media/models' of type 'FileSystem' to resource group 'General'
10:46:05: CPU Identifier & Features
10:46:05: -------------------------
10:46:05:  *   CPU ID: GenuineIntel: Intel(R) Core(TM) i7-2670QM CPU @ 2.20GHz
10:46:05:  *      SSE: yes
10:46:05:  *     SSE2: yes
10:46:05:  *     SSE3: yes
10:46:05:  *      MMX: yes
10:46:05:  *   MMXEXT: yes
10:46:05:  *    3DNOW: no
10:46:05:  * 3DNOWEXT: no
10:46:05:  *     CMOV: yes
10:46:05:  *      TSC: yes
10:46:05:  *      FPU: yes
10:46:05:  *      PRO: yes
10:46:05:  *       HT: no
10:46:05: -------------------------
10:46:05: ******************************
*** Starting GLX Subsystem ***
******************************
10:46:05: Registering ResourceManager for type Texture
10:46:05: GLRenderSystem::_createRenderWindow "TutorialApplication Render Window", 800x600 windowed  miscParams: FSAA=0 displayFrequency=60 Hz gamma=No vsync=No 
10:46:05: GLXWindow::create used FBConfigID = 140
10:46:05: GL_VERSION = 3.0 Mesa 10.3.2
10:46:05: GL_VENDOR = Intel Open Source Technology Center
10:46:05: GL_RENDERER = Mesa DRI Intel(R) Sandybridge Mobile 
10:46:05: GL_EXTENSIONS = GL_ARB_multisample GL_EXT_abgr GL_EXT_bgra GL_EXT_blend_color GL_EXT_blend_minmax GL_EXT_blend_subtract GL_EXT_copy_texture GL_EXT_polygon_offset GL_EXT_subtexture GL_EXT_texture_object GL_EXT_vertex_array GL_EXT_compiled_vertex_array GL_EXT_texture GL_EXT_texture3D GL_IBM_rasterpos_clip GL_ARB_point_parameters GL_EXT_draw_range_elements GL_EXT_packed_pixels GL_EXT_point_parameters GL_EXT_rescale_normal GL_EXT_separate_specular_color GL_EXT_texture_edge_clamp GL_SGIS_generate_mipmap GL_SGIS_texture_border_clamp GL_SGIS_texture_edge_clamp GL_SGIS_texture_lod GL_ARB_framebuffer_sRGB GL_ARB_multitexture GL_EXT_framebuffer_sRGB GL_IBM_multimode_draw_arrays GL_IBM_texture_mirrored_repeat GL_3DFX_texture_compression_FXT1 GL_ARB_texture_cube_map GL_ARB_texture_env_add GL_ARB_transpose_matrix GL_EXT_blend_func_separate GL_EXT_fog_coord GL_EXT_multi_draw_arrays GL_EXT_secondary_color GL_EXT_texture_env_add GL_EXT_texture_filter_anisotropic GL_EXT_texture_lod_bias GL_INGR_blend_func_separate GL_NV_blend_square GL_NV_light_max_exponent GL_NV_texgen_reflection GL_NV_texture_env_combine4 GL_S3_s3tc GL_SUN_multi_draw_arrays GL_ARB_texture_border_clamp GL_ARB_texture_compression GL_EXT_framebuffer_object GL_EXT_texture_compression_s3tc GL_EXT_texture_env_combine GL_EXT_texture_env_dot3 GL_MESA_window_pos GL_NV_packed_depth_stencil GL_NV_texture_rectangle GL_ARB_depth_texture GL_ARB_occlusion_query GL_ARB_shadow GL_ARB_texture_env_combine GL_ARB_texture_env_crossbar GL_ARB_texture_env_dot3 GL_ARB_texture_mirrored_repeat GL_ARB_window_pos GL_EXT_stencil_two_side GL_EXT_texture_cube_map GL_NV_depth_clamp GL_APPLE_packed_pixels GL_APPLE_vertex_array_object GL_ARB_draw_buffers GL_ARB_fragment_program GL_ARB_fragment_shader GL_ARB_shader_objects GL_ARB_vertex_program GL_ARB_vertex_shader GL_ATI_draw_buffers GL_ATI_texture_env_combine3 GL_ATI_texture_float GL_EXT_shadow_funcs GL_EXT_stencil_wrap GL_MESA_pack_invert GL_NV_primitive_restart GL_ARB_depth_clamp GL_ARB_fragment_program_shadow GL_ARB_half_float_pixel GL_ARB_occlusion_query2 GL_ARB_point_sprite GL_ARB_shading_language_100 GL_ARB_sync GL_ARB_texture_non_power_of_two GL_ARB_vertex_buffer_object GL_ATI_blend_equation_separate GL_EXT_blend_equation_separate GL_OES_read_format GL_ARB_color_buffer_float GL_ARB_pixel_buffer_object GL_ARB_texture_compression_rgtc GL_ARB_texture_float GL_ARB_texture_rectangle GL_EXT_packed_float GL_EXT_pixel_buffer_object GL_EXT_texture_compression_dxt1 GL_EXT_texture_compression_rgtc GL_EXT_texture_rectangle GL_EXT_texture_sRGB GL_EXT_texture_shared_exponent GL_ARB_framebuffer_object GL_EXT_framebuffer_blit GL_EXT_framebuffer_multisample GL_EXT_packed_depth_stencil GL_APPLE_object_purgeable GL_ARB_vertex_array_object GL_ATI_separate_stencil GL_EXT_draw_buffers2 GL_EXT_draw_instanced GL_EXT_gpu_program_parameters GL_EXT_texture_array GL_EXT_texture_integer GL_EXT_texture_sRGB_decode GL_EXT_timer_query GL_OES_EGL_image GL_AMD_performance_monitor GL_ARB_copy_buffer GL_ARB_depth_buffer_float GL_ARB_draw_instanced GL_ARB_half_float_vertex GL_ARB_instanced_arrays GL_ARB_map_buffer_range GL_ARB_texture_rg GL_ARB_texture_swizzle GL_ARB_vertex_array_bgra GL_EXT_texture_swizzle GL_EXT_vertex_array_bgra GL_NV_conditional_render GL_AMD_draw_buffers_blend GL_AMD_seamless_cubemap_per_texture GL_ARB_ES2_compatibility GL_ARB_blend_func_extended GL_ARB_debug_output GL_ARB_draw_buffers_blend GL_ARB_draw_elements_base_vertex GL_ARB_explicit_attrib_location GL_ARB_fragment_coord_conventions GL_ARB_provoking_vertex GL_ARB_sample_shading GL_ARB_sampler_objects GL_ARB_seamless_cube_map GL_ARB_shader_texture_lod GL_ARB_texture_cube_map_array GL_ARB_texture_gather GL_ARB_texture_multisample GL_ARB_texture_query_lod GL_ARB_texture_rgb10_a2ui GL_ARB_uniform_buffer_object GL_ARB_vertex_type_2_10_10_10_rev GL_EXT_provoking_vertex GL_EXT_texture_snorm GL_MESA_texture_signed_rgba GL_ARB_get_program_binary GL_ARB_robustness GL_ARB_separate_shader_objects GL_ARB_shader_bit_encoding GL_ARB_timer_query GL_ANGLE_texture_compression_dxt3 GL_ANGLE_texture_compression_dxt5 GL_ARB_compressed_texture_pixel_storage GL_ARB_internalformat_query GL_ARB_map_buffer_alignment GL_ARB_shading_language_420pack GL_ARB_shading_language_packing GL_ARB_texture_storage GL_EXT_framebuffer_multisample_blit_scaled GL_EXT_transform_feedback GL_AMD_shader_trinary_minmax GL_ARB_ES3_compatibility GL_ARB_clear_buffer_object GL_ARB_copy_image GL_ARB_explicit_uniform_location GL_ARB_invalidate_subdata GL_ARB_texture_query_levels GL_ARB_texture_storage_multisample GL_ARB_vertex_attrib_binding GL_KHR_debug GL_ARB_buffer_storage GL_ARB_clear_texture GL_ARB_multi_bind GL_ARB_seamless_cubemap_per_texture GL_ARB_texture_mirror_clamp_to_edge GL_ARB_vertex_type_10f_11f_11f_rev GL_EXT_shader_integer_mix GL_INTEL_performance_query GL_ARB_conditional_render_inverted 
10:46:05: Supported GLX extensions: GLX_ARB_create_context GLX_ARB_create_context_profile GLX_ARB_create_context_robustness GLX_ARB_fbconfig_float GLX_ARB_framebuffer_sRGB GLX_ARB_get_proc_address GLX_ARB_multisample GLX_EXT_import_context GLX_EXT_visual_info GLX_EXT_visual_rating GLX_EXT_framebuffer_sRGB GLX_EXT_create_context_es2_profile GLX_MESA_copy_sub_buffer GLX_MESA_multithread_makecurrent GLX_MESA_query_renderer GLX_MESA_swap_control GLX_OML_swap_method GLX_OML_sync_control GLX_SGI_make_current_read GLX_SGI_swap_control GLX_SGI_video_sync GLX_SGIS_multisample GLX_SGIX_fbconfig GLX_SGIX_pbuffer GLX_SGIX_visual_select_group GLX_EXT_texture_from_pixmap GLX_INTEL_swap_event 
10:46:05: ***************************
10:46:05: *** GL Renderer Started ***
10:46:05: ***************************
10:46:05: Registering ResourceManager for type GpuProgram
10:46:05: GLSL support detected
10:46:05: GL: Using GL_EXT_framebuffer_object for rendering to textures (best)
10:46:05: FBO PF_UNKNOWN depth/stencil support: D0S1 D0S4 D0S8 D0S16 D16S0 D16S1 D16S4 D16S8 D16S16 D24S0 D24S1 D24S4 D24S8 D24S16 D32S0 D32S1 D32S4 D32S8 D32S16 Packed-D24S8 
10:46:05: FBO PF_A8 depth/stencil support: D0S0 D0S1 D0S4 D0S8 D0S16 D16S0 D16S1 D16S4 D16S8 D16S16 D24S0 D24S1 D24S4 D24S8 D24S16 D32S0 D32S1 D32S4 D32S8 D32S16 Packed-D24S8 
10:46:05: FBO PF_R5G6B5 depth/stencil support: D0S0 D0S1 D0S4 D0S8 D0S16 D16S0 D16S1 D16S4 D16S8 D16S16 D24S0 D24S1 D24S4 D24S8 D24S16 D32S0 D32S1 D32S4 D32S8 D32S16 Packed-D24S8 
10:46:05: FBO PF_B5G6R5 depth/stencil support: D0S0 D0S1 D0S4 D0S8 D0S16 D16S0 D16S1 D16S4 D16S8 D16S16 D24S0 D24S1 D24S4 D24S8 D24S16 D32S0 D32S1 D32S4 D32S8 D32S16 Packed-D24S8 
10:46:05: FBO PF_A4R4G4B4 depth/stencil support: D0S0 D0S1 D0S4 D0S8 D0S16 D16S0 D16S1 D16S4 D16S8 D16S16 D24S0 D24S1 D24S4 D24S8 D24S16 D32S0 D32S1 D32S4 D32S8 D32S16 Packed-D24S8 
10:46:05: FBO PF_A1R5G5B5 depth/stencil support: D0S0 D0S1 D0S4 D0S8 D0S16 D16S0 D16S1 D16S4 D16S8 D16S16 D24S0 D24S1 D24S4 D24S8 D24S16 D32S0 D32S1 D32S4 D32S8 D32S16 Packed-D24S8 
10:46:05: FBO PF_R8G8B8 depth/stencil support: D0S0 D0S1 D0S4 D0S8 D0S16 D16S0 D16S1 D16S4 D16S8 D16S16 D24S0 D24S1 D24S4 D24S8 D24S16 D32S0 D32S1 D32S4 D32S8 D32S16 Packed-D24S8 
10:46:05: FBO PF_B8G8R8 depth/stencil support: D0S0 D0S1 D0S4 D0S8 D0S16 D16S0 D16S1 D16S4 D16S8 D16S16 D24S0 D24S1 D24S4 D24S8 D24S16 D32S0 D32S1 D32S4 D32S8 D32S16 Packed-D24S8 
10:46:05: FBO PF_A8R8G8B8 depth/stencil support: D0S0 D0S1 D0S4 D0S8 D0S16 D16S0 D16S1 D16S4 D16S8 D16S16 D24S0 D24S1 D24S4 D24S8 D24S16 D32S0 D32S1 D32S4 D32S8 D32S16 Packed-D24S8 
10:46:05: FBO PF_B8G8R8A8 depth/stencil support: D0S0 D0S1 D0S4 D0S8 D0S16 D16S0 D16S1 D16S4 D16S8 D16S16 D24S0 D24S1 D24S4 D24S8 D24S16 D32S0 D32S1 D32S4 D32S8 D32S16 Packed-D24S8 
10:46:05: FBO PF_A2R10G10B10 depth/stencil support: D0S0 D0S1 D0S4 D0S8 D0S16 D16S0 D16S1 D16S4 D16S8 D16S16 D24S0 D24S1 D24S4 D24S8 D24S16 D32S0 D32S1 D32S4 D32S8 D32S16 Packed-D24S8 
10:46:05: FBO PF_A2B10G10R10 depth/stencil support: D0S0 D0S1 D0S4 D0S8 D0S16 D16S0 D16S1 D16S4 D16S8 D16S16 D24S0 D24S1 D24S4 D24S8 D24S16 D32S0 D32S1 D32S4 D32S8 D32S16 Packed-D24S8 
10:46:05: FBO PF_FLOAT16_RGBA depth/stencil support: D0S0 D0S1 D0S4 D0S8 D0S16 D16S0 D16S1 D16S4 D16S8 D16S16 D24S0 D24S1 D24S4 D24S8 D24S16 D32S0 D32S1 D32S4 D32S8 D32S16 Packed-D24S8 
10:46:05: FBO PF_FLOAT32_RGBA depth/stencil support: D0S0 D0S1 D0S4 D0S8 D0S16 D16S0 D16S1 D16S4 D16S8 D16S16 D24S0 D24S1 D24S4 D24S8 D24S16 D32S0 D32S1 D32S4 D32S8 D32S16 Packed-D24S8 
10:46:05: FBO PF_X8R8G8B8 depth/stencil support: D0S0 D0S1 D0S4 D0S8 D0S16 D16S0 D16S1 D16S4 D16S8 D16S16 D24S0 D24S1 D24S4 D24S8 D24S16 D32S0 D32S1 D32S4 D32S8 D32S16 Packed-D24S8 
10:46:05: FBO PF_X8B8G8R8 depth/stencil support: D0S0 D0S1 D0S4 D0S8 D0S16 D16S0 D16S1 D16S4 D16S8 D16S16 D24S0 D24S1 D24S4 D24S8 D24S16 D32S0 D32S1 D32S4 D32S8 D32S16 Packed-D24S8 
10:46:05: FBO PF_SHORT_RGBA depth/stencil support: D0S0 D0S1 D0S4 D0S8 D0S16 D16S0 D16S1 D16S4 D16S8 D16S16 D24S0 D24S1 D24S4 D24S8 D24S16 D32S0 D32S1 D32S4 D32S8 D32S16 Packed-D24S8 
10:46:05: FBO PF_R3G3B2 depth/stencil support: D0S0 D0S1 D0S4 D0S8 D0S16 D16S0 D16S1 D16S4 D16S8 D16S16 D24S0 D24S1 D24S4 D24S8 D24S16 D32S0 D32S1 D32S4 D32S8 D32S16 Packed-D24S8 
10:46:05: FBO PF_FLOAT16_R depth/stencil support: D0S0 D0S1 D0S4 D0S8 D0S16 D16S0 D16S1 D16S4 D16S8 D16S16 D24S0 D24S1 D24S4 D24S8 D24S16 D32S0 D32S1 D32S4 D32S8 D32S16 Packed-D24S8 
10:46:05: FBO PF_FLOAT32_R depth/stencil support: D0S0 D0S1 D0S4 D0S8 D0S16 D16S0 D16S1 D16S4 D16S8 D16S16 D24S0 D24S1 D24S4 D24S8 D24S16 D32S0 D32S1 D32S4 D32S8 D32S16 Packed-D24S8 
10:46:05: [GL] : Valid FBO targets PF_UNKNOWN PF_A8 PF_R5G6B5 PF_B5G6R5 PF_A4R4G4B4 PF_A1R5G5B5 PF_R8G8B8 PF_B8G8R8 PF_A8R8G8B8 PF_B8G8R8A8 PF_A2R10G10B10 PF_A2B10G10R10 PF_FLOAT16_RGBA PF_FLOAT32_RGBA PF_X8R8G8B8 PF_X8B8G8R8 PF_SHORT_RGBA PF_R3G3B2 PF_FLOAT16_R PF_FLOAT32_R 
10:46:05: RenderSystem capabilities
10:46:05: -------------------------
10:46:05: RenderSystem Name: OpenGL Rendering Subsystem
10:46:05: GPU Vendor: intel
10:46:05: Device Name: Mesa DRI Intel(R) Sandybridge Mobile 
10:46:05: Driver Version: 3.0.0.0
10:46:05:  * Fixed function pipeline: yes
10:46:05:  * Hardware generation of mipmaps: no
10:46:05:  * Texture blending: yes
10:46:05:  * Anisotropic texture filtering: yes
10:46:05:  * Dot product texture operation: yes
10:46:05:  * Cube mapping: yes
10:46:05:  * Hardware stencil buffer: yes
10:46:05:    - Stencil depth: 8
10:46:05:    - Two sided stencil support: yes
10:46:05:    - Wrap stencil values: yes
10:46:05:  * Hardware vertex / index buffers: yes
10:46:05:  * Vertex programs: yes
10:46:05:  * Number of floating-point constants for vertex programs: 4096
10:46:05:  * Number of integer constants for vertex programs: 0
10:46:05:  * Number of boolean constants for vertex programs: 0
10:46:05:  * Fragment programs: yes
10:46:05:  * Number of floating-point constants for fragment programs: 4096
10:46:05:  * Number of integer constants for fragment programs: 0
10:46:05:  * Number of boolean constants for fragment programs: 0
10:46:05:  * Geometry programs: no
10:46:05:  * Number of floating-point constants for geometry programs: 35602
10:46:05:  * Number of integer constants for geometry programs: 6699
10:46:05:  * Number of boolean constants for geometry programs: 39309
10:46:05:  * Tesselation Hull programs: no
10:46:05:  * Number of floating-point constants for tesselation hull programs: 29117
10:46:05:  * Number of integer constants for tesselation hull programs: 62251
10:46:05:  * Number of boolean constants for tesselation hull programs: 13622
10:46:05:  * Tesselation Domain programs: no
10:46:05:  * Number of floating-point constants for tesselation domain programs: 58753
10:46:05:  * Number of integer constants for tesselation domain programs: 30305
10:46:05:  * Number of boolean constants for tesselation domain programs: 60482
10:46:05:  * Compute programs: no
10:46:05:  * Number of floating-point constants for compute programs: 8702
10:46:05:  * Number of integer constants for compute programs: 4608
10:46:05:  * Number of boolean constants for compute programs: 17550
10:46:05:  * Supported Shader Profiles: arbfp1 arbvp1 glsl
10:46:05:  * Texture Compression: yes
10:46:05:    - DXT: yes
10:46:05:    - VTC: no
10:46:05:    - PVRTC: no
10:46:05:    - ATC: no
10:46:05:    - ETC1: no
10:46:05:    - ETC2: no
10:46:05:    - BC4/BC5: no
10:46:05:    - BC6H/BC7: no
10:46:05:  * Scissor Rectangle: yes
10:46:05:  * Hardware Occlusion Query: yes
10:46:05:  * User clip planes: yes
10:46:05:  * VET_UBYTE4 vertex element type: yes
10:46:05:  * Infinite far plane projection: yes
10:46:05:  * Hardware render-to-texture: yes
10:46:05:  * Floating point textures: yes
10:46:05:  * Non-power-of-two textures: yes
10:46:05:  * 1d textures: yes
10:46:05:  * Volume textures: yes
10:46:05:  * Multiple Render Targets: 8
10:46:05:    - With different bit depths: yes
10:46:05:  * Point Sprites: yes
10:46:05:  * Extended point parameters: yes
10:46:05:  * Max Point Size: 255
10:46:05:  * Vertex texture fetch: yes
10:46:05:  * Number of world matrices: 0
10:46:05:  * Number of texture units: 16
10:46:05:  * Stencil buffer depth: 8
10:46:05:  * Number of vertex blend matrices: 0
10:46:05:    - Max vertex textures: 16
10:46:05:    - Vertex textures shared: yes
10:46:05:  * Render to Vertex Buffer : no
10:46:05:  * Hardware Atomic Counters: no
10:46:05:  * GL 1.5 without VBO workaround: no
10:46:05:  * Frame Buffer objects: yes
10:46:05:  * Frame Buffer objects (ARB extension): no
10:46:05:  * Frame Buffer objects (ATI extension): no
10:46:05:  * PBuffer support: yes
10:46:05:  * GL 1.5 without HW-occlusion workaround: no
10:46:05:  * Vertex Array Objects: no
10:46:05:  * Separate shader objects: no
10:46:05: DefaultWorkQueue('Root') initialising on thread main.
10:46:05: Particle Renderer Type 'billboard' registered
10:46:05: SceneManagerFactory for type 'BspSceneManager' registered.
10:46:05: Registering ResourceManager for type BspLevel
10:46:05: SceneManagerFactory for type 'PCZSceneManager' registered.
10:46:05: MovableObjectFactory for type 'PCZLight' registered.
10:46:05: MovableObjectFactory for type 'Portal' registered.
10:46:05: MovableObjectFactory for type 'AntiPortal' registered.
10:46:05: PCZone Factory Type 'ZoneType_Octree' registered
10:46:05: SceneManagerFactory for type 'OctreeSceneManager' registered.
10:46:05: OverlayElementFactory for type Panel registered.
10:46:05: OverlayElementFactory for type BorderPanel registered.
10:46:05: OverlayElementFactory for type TextArea registered.
10:46:05: Registering ResourceManager for type Font
10:46:05: Parsing scripts for resource group Autodetect
10:46:05: Finished parsing scripts for resource group Autodetect
10:46:05: Creating resources for group Autodetect
10:46:05: All done
10:46:05: Parsing scripts for resource group Essential
10:46:05: Parsing script SdkTrays.material
10:46:05: Parsing script SdkTrays.fontdef
10:46:05: Parsing script SdkTrays.overlay
10:46:05: Bad element attribute line: '# you can offset the image to change the cursor "hotspot"' for element SdkTrays/Cursor in overlay 
10:46:05: Texture: sdk_cursor.png: Loading 1 faces(PF_A8R8G8B8,32x32x1) with 5 generated mipmaps from Image. Internal format is PF_A8R8G8B8,32x32x1.
10:46:05: Texture: sdk_tray.png: Loading 1 faces(PF_A8R8G8B8,64x64x1) with 5 generated mipmaps from Image. Internal format is PF_A8R8G8B8,64x64x1.
10:46:05: Texture: sdk_button_up.png: Loading 1 faces(PF_A8R8G8B8,128x32x1) with 5 generated mipmaps from Image. Internal format is PF_A8R8G8B8,128x32x1.
10:46:05: Texture: sdk_text_box.png: Loading 1 faces(PF_A8R8G8B8,32x32x1) with 5 generated mipmaps from Image. Internal format is PF_A8R8G8B8,32x32x1.
10:46:05: Texture: sdk_mini_tray.png: Loading 1 faces(PF_A8R8G8B8,32x32x1) with 5 generated mipmaps from Image. Internal format is PF_A8R8G8B8,32x32x1.
10:46:05: Texture: sdk_track.png: Loading 1 faces(PF_A8R8G8B8,16x32x1) with 5 generated mipmaps from Image. Internal format is PF_A8R8G8B8,16x32x1.
10:46:05: Texture: sdk_handle.png: Loading 1 faces(PF_A8R8G8B8,16x16x1) with 4 generated mipmaps from Image. Internal format is PF_A8R8G8B8,16x16x1.
10:46:05: Texture: sdk_mini_text_box.png: Loading 1 faces(PF_A8R8G8B8,32x32x1) with 5 generated mipmaps from Image. Internal format is PF_A8R8G8B8,32x32x1.
10:46:05: Texture: sdk_label.png: Loading 1 faces(PF_A8R8G8B8,32x32x1) with 5 generated mipmaps from Image. Internal format is PF_A8R8G8B8,32x32x1.
10:46:05: Texture: sdk_separator.png: Loading 1 faces(PF_A8R8G8B8,64x16x1) with 5 generated mipmaps from Image. Internal format is PF_A8R8G8B8,64x16x1.
10:46:05: Texture: sdk_logo.png: Loading 1 faces(PF_A8R8G8B8,128x64x1) with 5 generated mipmaps from Image. Internal format is PF_A8R8G8B8,128x64x1.
10:46:05: Texture: sdk_shade.png: Loading 1 faces(PF_A8R8G8B8,64x48x1) with 5 generated mipmaps from Image. Internal format is PF_A8R8G8B8,64x48x1.
10:46:05: Texture: sdk_frame.png: Loading 1 faces(PF_A8R8G8B8,32x32x1) with 5 generated mipmaps from Image. Internal format is PF_A8R8G8B8,32x32x1.
10:46:05: Texture: sdk_mini_text_box_over.png: Loading 1 faces(PF_A8R8G8B8,32x32x1) with 5 generated mipmaps from Image. Internal format is PF_A8R8G8B8,32x32x1.
10:46:05: Texture: sdk_pulse.png: Loading 1 faces(PF_R8G8B8,8x1x1) with 3 generated mipmaps from Image. Internal format is PF_X8R8G8B8,8x1x1.
10:46:05: Finished parsing scripts for resource group Essential
10:46:05: Creating resources for group Essential
10:46:05: All done
10:46:05: Parsing scripts for resource group General
10:46:05: Parsing script Ogre.material
10:46:05: Finished parsing scripts for resource group General
10:46:05: Creating resources for group General
10:46:05: All done
10:46:05: Parsing scripts for resource group Internal
10:46:05: Finished parsing scripts for resource group Internal
10:46:05: Creating resources for group Internal
10:46:05: All done
10:46:05: Mesh: Loading ogrehead.mesh.
10:46:05: WARNING: ogrehead.mesh is an older format ([MeshSerializer_v1.41]); you should upgrade it as soon as possible using the OgreMeshUpgrade tool.
10:46:05: Texture: GreenSkin.jpg: Loading 1 faces(PF_R8G8B8,256x256x1) with 5 generated mipmaps from Image. Internal format is PF_X8R8G8B8,256x256x1.
10:46:05: Texture: spheremap.png: Loading 1 faces(PF_R8G8B8,256x256x1) with 5 generated mipmaps from Image. Internal format is PF_X8R8G8B8,256x256x1.
10:46:05: Texture: tusk.jpg: Loading 1 faces(PF_R8G8B8,96x96x1) with 5 generated mipmaps from Image. Internal format is PF_X8R8G8B8,96x96x1.
10:46:05: *** Initializing OIS ***
10:46:05: Font SdkTrays/Caption using texture size 512x256
10:46:05: Info: Freetype returned null for character 160 in font SdkTrays/Caption
10:46:05: Texture: SdkTrays/CaptionTexture: Loading 1 faces(PF_BYTE_LA,512x256x1) with 0 generated mipmaps from Image. Internal format is PF_BYTE_LA,512x256x1.
10:46:05: Font SdkTrays/Value using texture size 512x256
10:46:05: Info: Freetype returned null for character 127 in font SdkTrays/Value
10:46:05: Info: Freetype returned null for character 128 in font SdkTrays/Value
10:46:05: Info: Freetype returned null for character 129 in font SdkTrays/Value
10:46:05: Info: Freetype returned null for character 130 in font SdkTrays/Value
10:46:05: Info: Freetype returned null for character 131 in font SdkTrays/Value
10:46:05: Info: Freetype returned null for character 132 in font SdkTrays/Value
10:46:05: Info: Freetype returned null for character 133 in font SdkTrays/Value
10:46:05: Info: Freetype returned null for character 134 in font SdkTrays/Value
10:46:05: Info: Freetype returned null for character 135 in font SdkTrays/Value
10:46:05: Info: Freetype returned null for character 136 in font SdkTrays/Value
10:46:05: Info: Freetype returned null for character 137 in font SdkTrays/Value
10:46:05: Info: Freetype returned null for character 138 in font SdkTrays/Value
10:46:05: Info: Freetype returned null for character 139 in font SdkTrays/Value
10:46:05: Info: Freetype returned null for character 140 in font SdkTrays/Value
10:46:05: Info: Freetype returned null for character 141 in font SdkTrays/Value
10:46:05: Info: Freetype returned null for character 142 in font SdkTrays/Value
10:46:05: Info: Freetype returned null for character 143 in font SdkTrays/Value
10:46:05: Info: Freetype returned null for character 144 in font SdkTrays/Value
10:46:05: Info: Freetype returned null for character 145 in font SdkTrays/Value
10:46:05: Info: Freetype returned null for character 146 in font SdkTrays/Value
10:46:05: Info: Freetype returned null for character 147 in font SdkTrays/Value
10:46:05: Info: Freetype returned null for character 148 in font SdkTrays/Value
10:46:05: Info: Freetype returned null for character 149 in font SdkTrays/Value
10:46:05: Info: Freetype returned null for character 150 in font SdkTrays/Value
10:46:05: Info: Freetype returned null for character 151 in font SdkTrays/Value
10:46:05: Info: Freetype returned null for character 152 in font SdkTrays/Value
10:46:05: Info: Freetype returned null for character 153 in font SdkTrays/Value
10:46:05: Info: Freetype returned null for character 154 in font SdkTrays/Value
10:46:05: Info: Freetype returned null for character 155 in font SdkTrays/Value
10:46:05: Info: Freetype returned null for character 156 in font SdkTrays/Value
10:46:05: Info: Freetype returned null for character 157 in font SdkTrays/Value
10:46:05: Info: Freetype returned null for character 158 in font SdkTrays/Value
10:46:05: Info: Freetype returned null for character 159 in font SdkTrays/Value
10:46:05: Info: Freetype returned null for character 160 in font SdkTrays/Value
10:46:05: Texture: SdkTrays/ValueTexture: Loading 1 faces(PF_BYTE_LA,512x256x1) with 0 generated mipmaps from Image. Internal format is PF_BYTE_LA,512x256x1.
10:48:26: DefaultWorkQueue('Root') shutting down on thread main.
10:48:26: PCZone Factory Type 'ZoneType_Octree' unregistered
10:48:26: Unregistering ResourceManager for type BspLevel
10:48:26: *-*-* OGRE Shutdown
10:48:26: Unregistering ResourceManager for type Compositor
10:48:26: Unregistering ResourceManager for type Skeleton
10:48:26: Unregistering ResourceManager for type Mesh
10:48:26: Unregistering ResourceManager for type HighLevelGpuProgram
10:48:26: Uninstalling plugin: Octree Scene Manager
10:48:26: Plugin successfully uninstalled
10:48:26: Unloading library /usr/local/lib/OGRE/Plugin_OctreeSceneManager
10:48:26: Uninstalling plugin: Octree Zone Factory
10:48:26: Plugin successfully uninstalled
10:48:26: Unloading library /usr/local/lib/OGRE/Plugin_OctreeZone
10:48:26: Uninstalling plugin: Portal Connected Zone Scene Manager
10:48:26: Plugin successfully uninstalled
10:48:26: Unloading library /usr/local/lib/OGRE/Plugin_PCZSceneManager
10:48:26: Uninstalling plugin: BSP Scene Manager
10:48:26: Plugin successfully uninstalled
10:48:26: Unloading library /usr/local/lib/OGRE/Plugin_BSPSceneManager
10:48:26: Uninstalling plugin: ParticleFX
10:48:26: Plugin successfully uninstalled
10:48:26: Unloading library /usr/local/lib/OGRE/Plugin_ParticleFX
10:48:26: Uninstalling plugin: GL RenderSystem
10:48:26: Unregistering ResourceManager for type GpuProgram
10:48:26: ******************************
*** Stopping GLX Subsystem ***
******************************
10:48:26: Unregistering ResourceManager for type Texture
10:48:26: Plugin successfully uninstalled
10:48:26: Unloading library /usr/local/lib/OGRE/RenderSystem_GL
10:48:26: Unregistering ResourceManager for type Material
